<?xml version="1.0" encoding="UTF-8"?>
<!-- Generated by org.testng.reporters.JUnitXMLReporter -->
<testsuite ignored="0" hostname="DESKTOP-C5UC5JG" failures="0" tests="5" name="ChromeTest" time="45.031" errors="0" timestamp="2024-11-08T11:34:32 IST">
  <testcase classname="TestCases.TC001_VerifyHomePage" name="verify_home_page_isDisplayed" time="0.082"/>
  <testcase classname="TestCases.TC003_login_with_valid_credentials" name="verify_valid_credentials" time="4.317"/>
  <testcase classname="TestCases.TC002_Register_User" name="Verify_register_user" time="13.141"/>
  <testcase classname="TestCases.TC002_Register_User" name="Verify_register_user" time="13.173"/>
  <testcase classname="TestCases.TC002_Register_User" name="Verify_register_user" time="11.194"/>
</testsuite> <!-- ChromeTest -->
