<?xml version="1.0" encoding="UTF-8"?>
<!-- Generated by org.testng.reporters.JUnitXMLReporter -->
<testsuite ignored="0" hostname="DESKTOP-C5UC5JG" failures="0" tests="3" name="EdgeTest" time="19.537" errors="0" timestamp="2024-11-08T11:34:52 IST">
  <testcase classname="TestCases.TC006_Register_existing_user" name="Verify_Existing_user" time="3.933"/>
  <testcase classname="TestCases.TC004_login_with_invalid_credentials" name="verify_invalid_credentials" time="7.248"/>
  <testcase classname="TestCases.TC005_logout_with_valid_credentials" name="verify_logOut_valid_credentials" time="11.699"/>
</testsuite> <!-- EdgeTest -->
