<?xml version="1.0" encoding="UTF-8"?>
<!-- Generated by org.testng.reporters.JUnitXMLReporter -->
<testsuite ignored="0" hostname="DESKTOP-C5UC5JG" failures="1" tests="2" name="FireFoxTest" time="12.421" errors="0" timestamp="2024-11-08T11:35:04 IST">
  <testcase classname="TestCases.TC001_VerifyHomePage" name="verify_home_page_isDisplayed" time="0.029"/>
  <testcase classname="TestCases.TC007_login_Delete_account" name="verify_Delete_account" time="0.075">
    <failure type="java.lang.AssertionError" message="Landed in HomePage expected [false] but found [true]">
      <![CDATA[java.lang.AssertionError: Landed in HomePage expected [false] but found [true]
at TestCases.TC007_login_Delete_account.verify_Delete_account(TC007_login_Delete_account.java:17)
at java.base/java.util.concurrent.Executors$RunnableAdapter.call(Executors.java:572)
at java.base/java.util.concurrent.FutureTask.run(FutureTask.java:317)
at java.base/java.util.concurrent.ThreadPoolExecutor.runWorker(ThreadPoolExecutor.java:1144)
at java.base/java.util.concurrent.ThreadPoolExecutor$Worker.run(ThreadPoolExecutor.java:642)
at java.base/java.lang.Thread.run(Thread.java:1575)
... Removed 14 stack frames]]>
    </failure>
  </testcase> <!-- verify_Delete_account -->
</testsuite> <!-- FireFoxTest -->
