<?xml version="1.0" encoding="UTF-8"?>
<testng-results ignored="0" total="1" passed="1" failed="0" skipped="0">
  <reporter-output>
  </reporter-output>
  <suite started-at="2024-11-08T16:29:13 IST" name="Suite" finished-at="2024-11-08T16:29:36 IST" duration-ms="23455">
    <groups>
    </groups>
    <test started-at="2024-11-08T16:29:13 IST" name="Test" finished-at="2024-11-08T16:29:36 IST" duration-ms="23455">
      <class name="TestCases.TC002_Register_User">
        <test-method is-config="true" signature="preCondition(java.lang.String)[pri:0, instance:TestCases.TC002_Register_User@535779e4]" started-at="2024-11-08T16:29:13 IST" name="preCondition" finished-at="2024-11-08T16:29:16 IST" duration-ms="3392" status="PASS">
          <params>
            <param index="0">
              <value>
                <![CDATA[chrome]]>
              </value>
            </param>
          </params>
          <reporter-output>
          </reporter-output>
        </test-method> <!-- preCondition -->
        <test-method signature="Verify_register_user()[pri:0, instance:TestCases.TC002_Register_User@535779e4]" started-at="2024-11-08T16:29:16 IST" name="Verify_register_user" finished-at="2024-11-08T16:29:36 IST" duration-ms="19625" status="PASS">
          <reporter-output>
          </reporter-output>
        </test-method> <!-- Verify_register_user -->
      </class> <!-- TestCases.TC002_Register_User -->
    </test> <!-- Test -->
  </suite> <!-- Suite -->
</testng-results>
